<?xml version="1.0" encoding="UTF-8"?>
<!-- Generated by org.testng.reporters.JUnitReportReporter -->
<testsuite hostname="DESKTOP-6QCP0R9" failures="0" tests="1" name="Tutorial1.Demo1" time="7.408" errors="0" timestamp="2023-06-29T08:03:46 IST" skipped="0">
  <testcase classname="Tutorial1.Demo1" name="abc" time="7.408"/>
  <system-out/>
</testsuite> <!-- Tutorial1.Demo1 -->
