<?xml version="1.0" encoding="UTF-8"?>
<!-- Generated by org.testng.reporters.JUnitReportReporter -->
<testsuite hostname="DESKTOP-6QCP0R9" failures="0" tests="1" name="OrangeHRM.Loginpagetest" time="2.845" errors="0" timestamp="2023-07-06T23:27:17 IST" skipped="0">
  <testcase classname="OrangeHRM.Loginpagetest" name="loginfunctionality" time="2.845"/>
  <system-out/>
</testsuite> <!-- OrangeHRM.Loginpagetest -->
