<?xml version="1.0" encoding="UTF-8"?>
<!-- Generated by org.testng.reporters.JUnitReportReporter -->
<testsuite hostname="DESKTOP-6QCP0R9" failures="0" tests="2" name="OrangeHRM.Homepagetest" time="0.062" errors="0" timestamp="2023-07-06T23:27:17 IST" skipped="0">
  <testcase classname="OrangeHRM.Homepagetest" name="validateHomePageTitle" time="0.045"/>
  <system-out/>
  <testcase classname="OrangeHRM.Homepagetest" name="validateHomePageUrl" time="0.017"/>
  <system-out/>
</testsuite> <!-- OrangeHRM.Homepagetest -->
