<?xml version="1.0" encoding="UTF-8"?>
<!-- Generated by org.testng.reporters.JUnitReportReporter -->
<testsuite hostname="DESKTOP-6QCP0R9" failures="0" tests="1" name="TestLayer.Loginpage" time="31.584" errors="0" timestamp="2023-07-03T22:59:03 IST" skipped="0">
  <testcase classname="TestLayer.Loginpage" name="Login" time="31.584"/>
  <system-out/>
</testsuite> <!-- TestLayer.Loginpage -->
